TN:
SF:script/Counter.s.sol
FN:7,CounterScript.setUp
FNDA:0,CounterScript.setUp
FN:9,CounterScript.run
FNDA:0,CounterScript.run
DA:10,0
DA:10,0
FNF:2
FNH:0
LF:1
LH:0
BRF:0
BRH:0
end_of_record
TN:
SF:src/BribeInitiative.sol
FN:34,BribeInitiative.
FNDA:119,BribeInitiative.
DA:35,119
DA:35,119
DA:36,119
DA:36,119
DA:37,85
DA:37,85
FN:40,BribeInitiative.onlyGovernance
FNDA:3,BribeInitiative.onlyGovernance
DA:41,3
DA:41,3
BRDA:41,0,0,-
BRDA:41,0,1,44
FN:46,BribeInitiative.totalLQTYAllocatedByEpoch
FNDA:34,BribeInitiative.totalLQTYAllocatedByEpoch
DA:47,34
DA:47,34
DA:47,34
FN:51,BribeInitiative.lqtyAllocatedByUserAtEpoch
FNDA:34,BribeInitiative.lqtyAllocatedByUserAtEpoch
DA:52,34
DA:52,34
DA:52,34
FN:56,BribeInitiative.depositBribe
FNDA:9,BribeInitiative.depositBribe
DA:57,9
DA:57,9
DA:58,9
DA:58,9
DA:60,9
DA:60,9
DA:60,9
DA:61,9
DA:61,9
BRDA:61,1,0,-
BRDA:61,1,1,9
DA:63,9
DA:63,9
DA:64,9
DA:64,9
DA:65,9
DA:65,9
DA:66,9
DA:66,9
DA:68,9
DA:68,9
FN:71,BribeInitiative._claimBribe
FNDA:8,BribeInitiative._claimBribe
DA:77,8
DA:77,8
BRDA:77,2,0,-
BRDA:77,2,1,8
DA:78,8
DA:78,8
BRDA:78,3,0,-
BRDA:78,3,1,8
DA:80,8
DA:80,8
DA:81,8
DA:81,8
BRDA:81,4,0,1
BRDA:81,4,1,7
DA:83,7
DA:83,7
DA:84,7
DA:84,7
DA:86,7
DA:86,7
BRDA:86,5,0,2
BRDA:86,5,1,5
DA:91,5
DA:91,5
DA:92,5
DA:92,5
DA:93,5
DA:93,5
BRDA:93,6,0,-
BRDA:93,6,1,5
DA:99,5
DA:99,5
DA:100,5
DA:100,5
DA:103,5
DA:103,5
DA:105,5
DA:105,5
FN:109,BribeInitiative.claimBribes
FNDA:8,BribeInitiative.claimBribes
DA:113,8
DA:113,8
DA:113,13
DA:113,5
DA:114,8
DA:114,8
DA:115,8
DA:115,8
DA:115,8
DA:118,5
DA:118,5
DA:119,5
DA:119,5
DA:122,5
DA:122,5
BRDA:122,7,0,5
BRDA:122,7,1,5
DA:122,5
DA:123,5
DA:123,5
BRDA:123,8,0,5
BRDA:123,8,1,5
DA:123,5
FN:127,BribeInitiative.onRegisterInitiative
FNDA:3,BribeInitiative.onRegisterInitiative
FN:130,BribeInitiative.onUnregisterInitiative
FNDA:2,BribeInitiative.onUnregisterInitiative
FN:132,BribeInitiative._setTotalLQTYAllocationByEpoch
FNDA:44,BribeInitiative._setTotalLQTYAllocationByEpoch
DA:133,44
BRDA:133,9,0,24
BRDA:133,9,1,20
DA:134,24
DA:134,24
DA:136,20
DA:136,20
DA:138,44
DA:138,44
FN:141,BribeInitiative._setLQTYAllocationByUserAtEpoch
FNDA:44,BribeInitiative._setLQTYAllocationByUserAtEpoch
DA:142,44
BRDA:142,10,0,34
BRDA:142,10,1,10
DA:143,34
DA:143,34
DA:145,10
DA:145,10
DA:147,44
DA:147,44
FN:151,BribeInitiative.onAfterAllocateLQTY
FNDA:44,BribeInitiative.onAfterAllocateLQTY
DA:156,44
DA:156,44
DA:156,44
DA:158,44
DA:158,44
BRDA:158,11,0,-
BRDA:158,11,1,44
DA:158,0
DA:161,44
DA:161,44
BRDA:161,12,0,1
BRDA:161,12,1,1
DA:162,34
DA:162,34
DA:163,34
DA:163,34
DA:163,34
DA:164,34
DA:164,34
DA:164,34
DA:166,34
DA:166,34
BRDA:166,13,0,3
BRDA:166,13,1,1
DA:167,24
DA:167,24
DA:168,24
DA:168,24
BRDA:168,14,0,20
BRDA:168,14,1,4
DA:170,20
DA:170,20
DA:174,4
DA:174,4
BRDA:174,15,0,3
BRDA:174,15,1,1
DA:177,3
DA:177,3
DA:180,1
DA:180,1
DA:184,10
DA:184,10
BRDA:184,16,0,9
BRDA:184,16,1,1
DA:186,9
DA:186,9
DA:191,1
DA:191,1
BRDA:191,17,0,1
BRDA:191,17,1,1
DA:193,1
DA:193,1
DA:199,34
DA:199,34
DA:201,10
DA:201,10
DA:202,10
DA:202,10
BRDA:202,18,0,6
BRDA:202,18,1,4
DA:205,6
DA:205,6
DA:210,6
DA:210,6
DA:213,4
DA:213,4
DA:216,4
DA:216,4
FN:222,BribeInitiative.onClaimForInitiative
FNDA:3,BribeInitiative.onClaimForInitiative
FNF:13
FNH:13
LF:68
LH:68
BRF:38
BRH:32
end_of_record
TN:
SF:src/CurveV2GaugeRewards.sol
FN:14,CurveV2GaugeRewards.
FNDA:0,CurveV2GaugeRewards.
DA:17,0
DA:17,0
DA:18,0
DA:18,0
FN:21,CurveV2GaugeRewards.depositIntoGauge
FNDA:1,CurveV2GaugeRewards.depositIntoGauge
DA:22,1
DA:22,1
DA:22,1
DA:24,1
DA:24,1
DA:25,1
DA:25,1
DA:27,1
DA:27,1
DA:29,1
DA:29,1
FNF:2
FNH:1
LF:7
LH:5
BRF:0
BRH:0
end_of_record
TN:
SF:src/Governance.sol
FN:69,Governance.
FNDA:218,Governance.
DA:77,104
DA:77,104
DA:78,104
DA:78,104
DA:79,104
DA:79,104
DA:80,104
DA:80,104
BRDA:80,0,0,108
BRDA:80,0,1,216
DA:81,110
DA:81,110
DA:82,216
DA:82,216
DA:83,216
DA:83,216
DA:84,104
DA:84,104
DA:85,210
DA:85,210
DA:86,210
DA:86,210
DA:87,210
DA:87,210
DA:88,104
DA:88,104
DA:89,104
DA:89,104
BRDA:89,1,0,2
BRDA:89,1,1,104
DA:90,104
DA:90,104
DA:91,104
DA:91,104
BRDA:91,2,0,2
BRDA:91,2,1,104
DA:92,104
DA:92,104
DA:93,104
DA:93,104
DA:93,314
DA:93,212
DA:94,214
DA:94,214
DA:95,212
DA:95,212
FN:99,Governance._averageAge
FNDA:572,Governance._averageAge
DA:100,572
DA:100,572
DA:100,572
DA:100,474
BRDA:100,3,0,172
BRDA:100,3,1,400
DA:100,172
DA:101,400
DA:101,400
DA:101,400
FN:104,Governance._calculateAverageTimestamp
FNDA:159,Governance._calculateAverageTimestamp
DA:110,159
DA:110,159
DA:110,159
DA:111,159
DA:111,159
DA:111,159
DA:113,159
DA:113,159
DA:114,159
DA:114,159
BRDA:114,4,0,83
BRDA:114,4,1,-
DA:115,96
DA:115,96
DA:115,96
DA:116,96
DA:116,96
BRDA:116,5,0,13
BRDA:116,5,1,83
DA:117,13
DA:117,13
DA:119,83
DA:119,83
DA:119,83
DA:119,83
DA:119,83
DA:120,83
DA:120,83
DA:120,83
DA:120,83
DA:120,83
DA:121,83
DA:121,83
DA:121,83
DA:122,83
DA:122,83
DA:125,63
DA:125,63
DA:125,63
DA:126,63
DA:126,63
BRDA:126,6,0,12
BRDA:126,6,1,51
DA:127,12
DA:127,12
DA:129,51
DA:129,51
DA:129,51
DA:129,51
DA:129,51
DA:130,51
DA:130,51
DA:130,51
DA:130,51
DA:130,51
DA:131,51
DA:131,51
DA:131,51
DA:132,51
DA:132,51
DA:136,134
DA:136,134
BRDA:136,7,0,17
BRDA:136,7,1,117
DA:136,17
DA:137,117
DA:137,117
DA:137,117
FN:144,Governance._deposit
FNDA:18,Governance._deposit
DA:145,18
DA:145,18
BRDA:145,8,0,1
BRDA:145,8,1,17
DA:147,17
DA:147,17
DA:147,17
DA:149,17
DA:149,17
BRDA:149,9,0,8
BRDA:149,9,1,17
DA:150,8
DA:150,8
DA:153,17
DA:153,17
DA:153,17
DA:155,17
DA:155,17
DA:155,17
DA:158,17
DA:158,17
DA:159,17
DA:159,17
DA:162,17
DA:162,17
DA:164,17
DA:164,17
DA:166,17
DA:166,17
FN:170,Governance.depositLQTY
FNDA:14,Governance.depositLQTY
DA:171,14
DA:171,14
DA:171,14
DA:172,13
DA:172,13
FN:176,Governance.depositLQTYViaPermit
FNDA:4,Governance.depositLQTYViaPermit
DA:177,4
DA:177,4
DA:177,4
DA:178,4
DA:178,4
FN:182,Governance.withdrawLQTY
FNDA:6,Governance.withdrawLQTY
DA:183,6
DA:183,6
DA:183,6
DA:184,6
DA:184,6
BRDA:184,10,0,1
BRDA:184,10,1,5
DA:186,5
DA:186,5
DA:186,5
DA:188,5
DA:188,5
DA:191,5
DA:191,5
BRDA:191,11,0,2
BRDA:191,11,1,3
DA:193,3
DA:193,3
DA:193,3
DA:195,3
DA:195,3
FN:199,Governance.claimFromStakingV1
FNDA:2,Governance.claimFromStakingV1
DA:200,2
DA:200,2
DA:200,2
DA:201,2
DA:201,2
BRDA:201,12,0,1
BRDA:201,12,1,1
DA:202,1
DA:202,1
DA:202,1
FN:210,Governance.epoch
FNDA:134,Governance.epoch
DA:211,330
DA:211,330
BRDA:211,13,0,184
BRDA:211,13,1,146
DA:211,184
DA:212,146
DA:212,146
DA:212,146
FN:216,Governance.epochStart
FNDA:102,Governance.epochStart
DA:217,124
DA:217,124
DA:217,124
DA:218,124
DA:218,124
BRDA:218,14,0,92
BRDA:218,14,1,32
DA:218,92
DA:219,32
DA:219,32
DA:219,32
FN:223,Governance.secondsWithinEpoch
FNDA:106,Governance.secondsWithinEpoch
DA:224,115
DA:224,115
BRDA:224,15,0,92
BRDA:224,15,1,23
DA:224,92
DA:225,23
DA:225,23
DA:225,23
FN:229,Governance.lqtyToVotes
FNDA:101,Governance.lqtyToVotes
DA:234,154
DA:234,154
DA:234,154
DA:234,154
DA:234,154
FN:238,Governance.calculateVotingThreshold
FNDA:103,Governance.calculateVotingThreshold
DA:239,128
DA:239,128
DA:240,128
DA:240,128
BRDA:240,16,0,14
BRDA:240,16,1,114
DA:240,14
DA:242,114
DA:242,114
DA:243,114
DA:243,114
DA:243,114
DA:243,114
DA:244,114
DA:244,114
BRDA:244,17,0,89
BRDA:244,17,1,114
DA:245,89
DA:245,89
DA:247,114
DA:247,114
DA:247,114
FN:251,Governance._snapshotVotes
FNDA:29,Governance._snapshotVotes
DA:252,29
DA:252,29
DA:252,29
DA:253,29
DA:253,29
DA:254,29
DA:254,29
DA:255,29
DA:255,29
DA:255,29
BRDA:255,18,0,3
BRDA:255,18,1,7
DA:256,10
DA:256,10
DA:257,10
DA:257,10
DA:258,10
DA:258,10
DA:259,10
DA:259,10
DA:259,10
DA:260,10
DA:260,10
DA:261,10
DA:261,10
FN:267,Governance._snapshotVotesForInitiative
FNDA:25,Governance._snapshotVotesForInitiative
DA:271,25
DA:271,25
DA:271,25
DA:272,25
DA:272,25
DA:273,25
DA:273,25
DA:274,25
DA:274,25
DA:274,25
BRDA:274,19,0,11
BRDA:274,19,1,1
DA:275,12
DA:275,12
DA:275,12
DA:276,12
DA:276,12
DA:276,12
DA:277,12
DA:277,12
DA:278,12
DA:278,12
DA:279,12
DA:279,12
DA:280,12
DA:280,12
DA:282,12
DA:282,12
DA:282,12
DA:282,11
BRDA:282,20,0,11
BRDA:282,20,1,1
DA:283,11
DA:283,11
DA:284,11
DA:284,11
DA:286,1
DA:286,1
DA:288,12
DA:288,12
DA:289,12
DA:289,12
DA:290,12
DA:290,12
FN:295,Governance.snapshotVotesForInitiative
FNDA:1,Governance.snapshotVotesForInitiative
DA:299,1
DA:299,1
DA:300,1
DA:300,1
FN:304,Governance.registerInitiative
FNDA:7,Governance.registerInitiative
DA:305,7
DA:305,7
DA:307,6
DA:307,6
BRDA:307,21,0,1
BRDA:307,21,1,5
DA:308,5
DA:308,5
BRDA:308,22,0,1
BRDA:308,22,1,4
DA:310,4
DA:310,4
DA:310,4
DA:311,4
DA:311,4
DA:311,4
DA:312,4
DA:312,4
DA:316,4
DA:316,4
BRDA:316,23,0,1
BRDA:316,23,1,3
DA:322,3
DA:322,3
DA:322,3
DA:324,3
DA:324,3
DA:325,3
DA:325,3
DA:327,3
DA:327,3
DA:329,3
DA:329,3
FN:333,Governance.unregisterInitiative
FNDA:4,Governance.unregisterInitiative
DA:334,4
DA:334,4
BRDA:334,24,0,1
BRDA:334,24,1,3
DA:336,3
DA:336,3
DA:336,3
DA:337,3
DA:337,3
DA:338,3
DA:338,3
DA:340,3
DA:340,3
DA:341,3
DA:341,3
DA:343,3
DA:343,3
DA:343,3
DA:348,3
DA:348,3
BRDA:348,25,0,1
BRDA:348,25,1,2
DA:358,2
DA:358,2
BRDA:358,26,0,1
BRDA:358,26,1,2
DA:359,1
DA:359,1
DA:365,1
DA:365,1
DA:366,1
DA:366,1
DA:369,2
DA:369,2
DA:370,2
DA:370,2
DA:372,2
DA:372,2
DA:374,2
DA:374,2
FN:378,Governance.allocateLQTY
FNDA:12,Governance.allocateLQTY
DA:383,12
DA:383,12
DA:383,12
DA:385,12
DA:385,12
DA:385,12
DA:386,12
DA:386,12
DA:386,12
DA:388,12
DA:388,12
DA:390,12
DA:390,12
DA:390,24
DA:390,12
DA:391,14
DA:391,14
DA:392,14
DA:392,14
DA:393,14
DA:393,14
DA:396,14
DA:396,14
BRDA:396,27,0,1
BRDA:396,27,1,13
DA:403,13
DA:403,13
BRDA:403,28,0,1
BRDA:403,28,1,12
DA:405,12
DA:405,12
DA:405,12
DA:408,12
DA:408,12
DA:408,12
DA:417,12
DA:417,12
DA:423,12
DA:423,12
DA:431,12
DA:431,12
DA:432,12
DA:432,12
DA:435,12
DA:435,12
DA:436,12
DA:436,12
DA:437,12
DA:437,12
DA:440,12
DA:440,12
DA:443,12
DA:443,12
BRDA:443,29,0,7
BRDA:443,29,1,12
DA:444,7
DA:444,7
DA:450,7
DA:450,7
DA:452,12
DA:452,12
BRDA:452,30,0,10
BRDA:452,30,1,12
DA:453,10
DA:453,10
DA:459,10
DA:459,10
DA:463,12
DA:463,12
DA:464,12
DA:464,12
DA:465,12
DA:465,12
DA:466,12
DA:466,12
DA:467,12
DA:467,12
DA:469,12
DA:469,12
DA:471,12
DA:471,12
DA:473,12
DA:473,12
DA:478,10
DA:478,10
BRDA:478,31,0,-
BRDA:478,31,1,10
DA:484,10
DA:484,10
DA:485,10
DA:485,10
FN:489,Governance.claimForInitiative
FNDA:9,Governance.claimForInitiative
DA:490,9
DA:490,9
DA:490,9
DA:491,9
DA:491,9
DA:491,9
DA:494,9
DA:494,9
BRDA:494,32,0,6
BRDA:494,32,1,3
DA:494,6
DA:496,3
DA:496,3
DA:496,3
DA:496,3
DA:498,3
DA:498,3
DA:499,3
DA:499,3
DA:501,3
DA:501,3
DA:503,3
DA:503,3
DA:505,3
DA:505,3
DA:507,3
DA:507,3
FNF:20
FNH:20
LF:185
LH:185
BRF:66
BRH:64
end_of_record
TN:
SF:src/UniV4Donations.sol
FN:41,UniV4Donations.
FNDA:0,UniV4Donations.
DA:52,0
DA:52,0
DA:53,0
DA:53,0
DA:55,0
DA:55,0
DA:55,0
DA:55,0
BRDA:55,0,0,-
BRDA:55,0,1,-
DA:56,0
DA:56,0
DA:57,0
DA:57,0
DA:59,0
DA:59,0
DA:60,0
DA:60,0
DA:62,0
DA:62,0
DA:63,0
DA:63,0
FN:66,UniV4Donations.vestingEpoch
FNDA:0,UniV4Donations.vestingEpoch
DA:67,8
DA:67,8
DA:67,8
DA:67,8
FN:70,UniV4Donations.vestingEpochStart
FNDA:0,UniV4Donations.vestingEpochStart
DA:71,4
DA:71,4
DA:71,4
FN:74,UniV4Donations._restartVesting
FNDA:4,UniV4Donations._restartVesting
DA:75,4
DA:75,4
DA:75,4
DA:76,4
DA:76,4
DA:77,4
DA:77,4
BRDA:77,1,0,2
BRDA:77,1,1,4
DA:78,2
DA:78,2
DA:79,2
DA:79,2
DA:80,2
DA:80,2
DA:81,2
DA:81,2
DA:82,2
DA:82,2
DA:84,4
DA:84,4
FN:87,UniV4Donations._donateToPool
FNDA:4,UniV4Donations._donateToPool
DA:88,4
DA:88,4
DA:88,4
DA:89,4
DA:89,4
DA:90,4
DA:90,4
DA:92,4
DA:92,4
BRDA:92,2,0,-
BRDA:92,2,1,2
DA:93,2
DA:93,2
DA:93,2
DA:95,2
DA:95,2
DA:96,2
DA:96,2
DA:97,2
DA:97,2
DA:98,2
DA:98,2
DA:100,2
DA:100,2
DA:102,2
DA:102,2
DA:105,4
DA:105,4
FN:108,UniV4Donations.donateToPool
FNDA:3,UniV4Donations.donateToPool
DA:109,3
DA:109,3
DA:109,3
FN:112,UniV4Donations.poolKey
FNDA:3,UniV4Donations.poolKey
DA:113,14
DA:113,14
FN:122,UniV4Donations.getHookPermissions
FNDA:0,UniV4Donations.getHookPermissions
DA:123,0
DA:123,0
DA:123,0
FN:141,UniV4Donations.afterInitialize
FNDA:2,UniV4Donations.afterInitialize
DA:148,2
DA:148,2
BRDA:148,3,0,-
BRDA:148,3,1,2
DA:149,2
DA:149,2
FN:152,UniV4Donations.afterAddLiquidity
FNDA:1,UniV4Donations.afterAddLiquidity
DA:159,1
DA:159,1
BRDA:159,4,0,-
BRDA:159,4,1,1
DA:160,1
DA:160,1
DA:161,1
DA:161,1
FN:164,UniV4Donations._unlockCallback
FNDA:3,UniV4Donations._unlockCallback
DA:165,3
DA:165,3
DA:165,3
DA:166,3
DA:166,3
BRDA:166,5,0,-
BRDA:166,5,1,3
DA:167,3
DA:167,3
BRDA:167,6,0,-
BRDA:167,6,1,3
DA:168,3
DA:168,3
DA:168,3
FNF:11
FNH:7
LF:44
LH:34
BRF:14
BRH:7
end_of_record
TN:
SF:src/UserProxy.sol
FN:25,UserProxy.
FNDA:0,UserProxy.
DA:26,0
DA:26,0
DA:27,0
DA:27,0
DA:28,0
DA:28,0
DA:29,0
DA:29,0
FN:32,UserProxy.onlyStakingV2
FNDA:8,UserProxy.onlyStakingV2
DA:33,8
DA:33,8
BRDA:33,0,0,-
BRDA:33,0,1,21
FN:38,UserProxy.stake
FNDA:15,UserProxy.stake
DA:39,21
DA:39,21
DA:40,15
DA:40,15
DA:41,15
DA:41,15
DA:42,15
DA:42,15
FN:46,UserProxy.stakeViaPermit
FNDA:8,UserProxy.stakeViaPermit
DA:50,8
DA:50,8
BRDA:50,1,0,2
BRDA:50,1,1,6
DA:51,6
DA:51,6
DA:60,6
DA:60,6
FN:64,UserProxy.unstake
FNDA:6,UserProxy.unstake
DA:69,6
DA:69,6
DA:71,6
DA:71,6
DA:71,6
DA:72,6
DA:72,6
BRDA:72,2,0,4
BRDA:72,2,1,6
DA:72,4
DA:73,6
DA:73,6
DA:74,6
DA:74,6
BRDA:74,3,0,1
BRDA:74,3,1,6
DA:74,1
DA:75,6
DA:75,6
DA:76,6
DA:76,6
BRDA:76,4,0,-
BRDA:76,4,1,1
DA:77,1
DA:77,1
DA:77,1
DA:81,6
DA:81,6
FN:85,UserProxy.staked
FNDA:7,UserProxy.staked
DA:86,7
DA:86,7
DA:86,7
FNF:6
FNH:5
LF:22
LH:18
BRF:10
BRH:8
end_of_record
TN:
SF:src/UserProxyFactory.sol
FN:13,UserProxyFactory.
FNDA:114,UserProxyFactory.
DA:14,114
DA:14,114
FN:18,UserProxyFactory.deriveUserProxyAddress
FNDA:6,UserProxyFactory.deriveUserProxyAddress
DA:19,42
DA:19,42
DA:19,42
FN:23,UserProxyFactory.deployUserProxy
FNDA:14,UserProxyFactory.deployUserProxy
DA:25,22
DA:25,22
DA:25,22
DA:27,21
DA:27,21
DA:29,21
DA:29,21
FNF:3
FNH:3
LF:5
LH:5
BRF:0
BRH:0
end_of_record
TN:
SF:src/utils/BaseHook.sol
FN:15,ImmutableState.
FNDA:0,ImmutableState.
DA:16,0
DA:16,0
FN:23,SafeCallback.onlyByManager
FNDA:1,SafeCallback.onlyByManager
DA:24,1
DA:24,1
DA:24,1
BRDA:24,0,0,-
BRDA:24,0,1,2
DA:24,0
FN:29,SafeCallback.unlockCallback
FNDA:3,SafeCallback.unlockCallback
DA:30,3
DA:30,3
DA:30,3
FN:42,BaseHook.
FNDA:0,BaseHook.
DA:43,0
DA:43,0
FN:47,BaseHook.selfOnly
FNDA:0,BaseHook.selfOnly
DA:48,0
DA:48,0
DA:48,0
BRDA:48,0,0,-
BRDA:48,0,1,-
DA:48,0
FN:53,BaseHook.onlyValidPools
FNDA:0,BaseHook.onlyValidPools
DA:54,0
DA:54,0
BRDA:54,1,0,-
BRDA:54,1,1,-
DA:54,0
FN:63,BaseHook.validateHookAddress
FNDA:0,BaseHook.validateHookAddress
DA:64,0
DA:64,0
FN:67,BaseHook._unlockCallback
FNDA:0,BaseHook._unlockCallback
DA:68,0
DA:68,0
DA:68,0
DA:69,0
BRDA:69,2,0,-
BRDA:69,2,1,-
DA:69,0
DA:70,0
DA:70,0
BRDA:70,3,0,-
BRDA:70,3,1,-
DA:70,0
FN:78,BaseHook.beforeInitialize
FNDA:0,BaseHook.beforeInitialize
DA:79,0
DA:79,0
FN:82,BaseHook.afterInitialize
FNDA:0,BaseHook.afterInitialize
DA:87,0
DA:87,0
FN:90,BaseHook.beforeAddLiquidity
FNDA:0,BaseHook.beforeAddLiquidity
DA:95,0
DA:95,0
FN:98,BaseHook.beforeRemoveLiquidity
FNDA:0,BaseHook.beforeRemoveLiquidity
DA:104,0
DA:104,0
FN:107,BaseHook.afterAddLiquidity
FNDA:0,BaseHook.afterAddLiquidity
DA:114,0
DA:114,0
FN:117,BaseHook.afterRemoveLiquidity
FNDA:0,BaseHook.afterRemoveLiquidity
DA:124,0
DA:124,0
FN:127,BaseHook.beforeSwap
FNDA:0,BaseHook.beforeSwap
DA:132,0
DA:132,0
FN:135,BaseHook.afterSwap
FNDA:0,BaseHook.afterSwap
DA:140,0
DA:140,0
FN:143,BaseHook.beforeDonate
FNDA:0,BaseHook.beforeDonate
DA:148,0
DA:148,0
FN:151,BaseHook.afterDonate
FNDA:0,BaseHook.afterDonate
DA:156,0
DA:156,0
FNF:18
FNH:2
LF:20
LH:2
BRF:10
BRH:1
end_of_record
TN:
SF:src/utils/DoubleLinkedList.sol
FN:25,DoubleLinkedList.getHead
FNDA:19,DoubleLinkedList.getHead
DA:26,19
DA:26,19
FN:32,DoubleLinkedList.getTail
FNDA:94,DoubleLinkedList.getTail
DA:33,94
DA:33,94
FN:40,DoubleLinkedList.getNext
FNDA:35,DoubleLinkedList.getNext
DA:41,35
DA:41,35
FN:48,DoubleLinkedList.getPrev
FNDA:35,DoubleLinkedList.getPrev
DA:49,35
DA:49,35
FN:56,DoubleLinkedList.getValue
FNDA:68,DoubleLinkedList.getValue
DA:57,68
DA:57,68
FN:64,DoubleLinkedList.getItem
FNDA:22,DoubleLinkedList.getItem
DA:65,22
DA:65,22
FN:72,DoubleLinkedList.contains
FNDA:86,DoubleLinkedList.contains
DA:73,86
DA:73,86
BRDA:73,0,0,2
BRDA:73,0,1,84
DA:73,2
DA:74,84
DA:74,84
FN:81,DoubleLinkedList.remove
FNDA:7,DoubleLinkedList.remove
DA:82,7
DA:82,7
DA:83,7
DA:83,7
BRDA:83,1,0,1
BRDA:83,1,1,5
DA:83,1
DA:84,5
DA:84,5
DA:85,5
DA:85,5
DA:86,5
DA:86,5
FN:97,DoubleLinkedList.insert
FNDA:72,DoubleLinkedList.insert
DA:98,72
DA:98,72
BRDA:98,2,0,1
BRDA:98,2,1,70
DA:98,1
DA:99,70
DA:99,70
DA:99,70
DA:99,7
BRDA:99,3,0,1
BRDA:99,3,1,69
DA:99,1
DA:100,69
DA:100,69
DA:101,69
DA:101,69
DA:102,69
DA:102,69
DA:102,69
DA:102,63
BRDA:102,4,0,41
BRDA:102,4,1,69
DA:102,41
DA:103,69
DA:103,69
DA:104,69
DA:104,69
DA:105,69
DA:105,69
DA:106,69
DA:106,69
FNF:9
FNH:9
LF:22
LH:22
BRF:10
BRH:10
end_of_record
TN:
SF:src/utils/Multicall.sol
FN:11,Multicall.multicall
FNDA:1,Multicall.multicall
DA:12,1
DA:12,1
DA:13,1
DA:13,1
DA:13,8
DA:13,7
DA:14,7
DA:14,7
DA:14,7
DA:16,7
DA:16,7
BRDA:16,0,0,-
BRDA:16,0,1,-
DA:18,0
DA:18,0
BRDA:18,1,0,-
BRDA:18,1,1,-
DA:18,0
DA:20,0
DA:20,0
DA:22,0
DA:22,0
DA:25,7
DA:25,7
FNF:1
FNH:1
LF:8
LH:5
BRF:4
BRH:0
end_of_record
TN:
SF:test/DoubleLinkedList.t.sol
FN:13,DoubleLinkedListWrapper.getHead
FNDA:19,DoubleLinkedListWrapper.getHead
DA:14,19
DA:14,19
DA:14,19
FN:17,DoubleLinkedListWrapper.getTail
FNDA:16,DoubleLinkedListWrapper.getTail
DA:18,16
DA:18,16
DA:18,16
FN:21,DoubleLinkedListWrapper.getNext
FNDA:35,DoubleLinkedListWrapper.getNext
DA:22,35
DA:22,35
DA:22,35
FN:25,DoubleLinkedListWrapper.getPrev
FNDA:35,DoubleLinkedListWrapper.getPrev
DA:26,35
DA:26,35
DA:26,35
FN:29,DoubleLinkedListWrapper.insert
FNDA:14,DoubleLinkedListWrapper.insert
DA:30,14
DA:30,14
FN:33,DoubleLinkedListWrapper.remove
FNDA:7,DoubleLinkedListWrapper.remove
DA:34,7
DA:34,7
FNF:6
FNH:6
LF:6
LH:6
BRF:0
BRH:0
end_of_record
TN:
SF:test/Governance.t.sol
FN:20,GovernanceInternal.
FNDA:0,GovernanceInternal.
FN:29,GovernanceInternal.averageAge
FNDA:100,GovernanceInternal.averageAge
DA:30,100
DA:30,100
DA:30,100
FN:33,GovernanceInternal.calculateAverageTimestamp
FNDA:100,GovernanceInternal.calculateAverageTimestamp
DA:39,100
DA:39,100
DA:39,100
FNF:3
FNH:2
LF:2
LH:2
BRF:0
BRH:0
end_of_record
TN:
SF:test/UniV4Donations.t.sol
FN:18,UniV4DonationsImpl.
FNDA:0,UniV4DonationsImpl.
DA:42,0
DA:42,0
FN:46,UniV4DonationsImpl.validateHookAddress
FNDA:0,UniV4DonationsImpl.validateHookAddress
FNF:2
FNH:0
LF:1
LH:0
BRF:0
BRH:0
end_of_record
TN:
SF:test/mocks/MockGovernance.sol
FN:7,MockGovernance.claimForInitiative
FNDA:1,MockGovernance.claimForInitiative
DA:8,1
DA:8,1
FN:11,MockGovernance.setEpoch
FNDA:21,MockGovernance.setEpoch
DA:12,21
DA:12,21
FN:15,MockGovernance.epoch
FNDA:116,MockGovernance.epoch
DA:16,116
DA:16,116
FNF:3
FNH:3
LF:3
LH:3
BRF:0
BRH:0
end_of_record
TN:
SF:test/mocks/MockStakingV1.sol
FN:11,MockStakingV1.
FNDA:0,MockStakingV1.
DA:12,0
DA:12,0
FN:15,MockStakingV1.stake
FNDA:1,MockStakingV1.stake
DA:16,1
DA:16,1
DA:17,1
DA:17,1
FN:20,MockStakingV1.unstake
FNDA:0,MockStakingV1.unstake
DA:21,0
DA:21,0
DA:22,0
DA:22,0
FNF:3
FNH:1
LF:5
LH:2
BRF:0
BRH:0
end_of_record
