TN:
SF:script/Counter.s.sol
FN:7,CounterScript.setUp
FNDA:0,CounterScript.setUp
FN:9,CounterScript.run
FNDA:0,CounterScript.run
DA:10,0
DA:10,0
FNF:2
FNH:0
LF:1
LH:0
BRF:0
BRH:0
end_of_record
TN:
SF:src/BribeInitiative.sol
FN:36,BribeInitiative.
FNDA:119,BribeInitiative.
DA:37,119
DA:37,119
DA:38,119
DA:38,119
DA:39,85
DA:39,85
FN:42,BribeInitiative.onlyGovernance
FNDA:12,BribeInitiative.onlyGovernance
DA:43,12
DA:43,12
BRDA:43,0,0,-
BRDA:43,0,1,3
FN:48,BribeInitiative.totalLQTYAllocatedByEpoch
FNDA:2,BribeInitiative.totalLQTYAllocatedByEpoch
DA:49,2
DA:49,2
DA:49,2
FN:53,BribeInitiative.lqtyAllocatedByUserAtEpoch
FNDA:2,BribeInitiative.lqtyAllocatedByUserAtEpoch
DA:54,2
DA:54,2
DA:54,2
FN:58,BribeInitiative.depositBribe
FNDA:2,BribeInitiative.depositBribe
DA:59,2
DA:59,2
DA:60,2
DA:60,2
DA:62,2
DA:62,2
DA:62,2
DA:63,2
DA:63,2
BRDA:63,1,0,-
BRDA:63,1,1,2
DA:65,2
DA:65,2
DA:66,2
DA:66,2
DA:67,2
DA:67,2
DA:68,2
DA:68,2
DA:70,2
DA:70,2
FN:73,BribeInitiative._claimBribe
FNDA:2,BribeInitiative._claimBribe
DA:79,2
DA:79,2
BRDA:79,2,0,-
BRDA:79,2,1,2
DA:80,2
DA:80,2
BRDA:80,3,0,-
BRDA:80,3,1,2
DA:82,2
DA:82,2
DA:83,2
DA:83,2
BRDA:83,4,0,1
BRDA:83,4,1,1
DA:85,1
DA:85,1
DA:86,1
DA:86,1
DA:87,1
DA:87,1
BRDA:87,5,0,-
BRDA:87,5,1,1
DA:92,1
DA:92,1
DA:93,1
DA:93,1
DA:94,1
DA:94,1
BRDA:94,6,0,-
BRDA:94,6,1,1
DA:100,1
DA:100,1
DA:101,1
DA:101,1
DA:103,1
DA:103,1
DA:105,1
DA:105,1
FN:109,BribeInitiative.claimBribes
FNDA:2,BribeInitiative.claimBribes
DA:113,2
DA:113,2
DA:113,3
DA:113,1
DA:114,2
DA:114,2
DA:115,2
DA:115,2
DA:115,2
DA:118,1
DA:118,1
DA:119,1
DA:119,1
DA:122,1
DA:122,1
BRDA:122,7,0,1
BRDA:122,7,1,1
DA:122,1
DA:123,1
DA:123,1
BRDA:123,8,0,1
BRDA:123,8,1,1
DA:123,1
FN:127,BribeInitiative.onRegisterInitiative
FNDA:3,BribeInitiative.onRegisterInitiative
FN:130,BribeInitiative.onUnregisterInitiative
FNDA:2,BribeInitiative.onUnregisterInitiative
FN:133,BribeInitiative.onAfterAllocateLQTY
FNDA:12,BribeInitiative.onAfterAllocateLQTY
DA:134,12
DA:134,12
DA:134,12
DA:135,12
DA:135,12
DA:136,12
DA:136,12
DA:136,12
DA:138,12
DA:138,12
BRDA:138,9,0,-
BRDA:138,9,1,12
DA:138,0
DA:145,12
DA:145,12
BRDA:145,10,0,-
BRDA:145,10,1,-
DA:146,9
DA:146,9
DA:148,9
DA:148,9
DA:148,9
DA:150,9
DA:150,9
DA:150,9
BRDA:150,11,0,-
BRDA:150,11,1,-
DA:151,9
DA:151,9
DA:153,9
DA:153,9
BRDA:153,12,0,9
BRDA:153,12,1,-
DA:154,9
DA:154,9
DA:160,0
DA:160,0
BRDA:160,13,0,-
BRDA:160,13,1,-
DA:161,0
DA:161,0
DA:163,0
DA:163,0
DA:167,0
DA:167,0
BRDA:167,14,0,-
BRDA:167,14,1,-
DA:168,0
DA:168,0
DA:170,0
DA:170,0
BRDA:170,15,0,-
BRDA:170,15,1,-
DA:171,0
DA:171,0
DA:176,9
DA:176,9
DA:178,3
DA:178,3
DA:178,3
DA:179,3
DA:179,3
BRDA:179,16,0,3
BRDA:179,16,1,-
DA:182,3
DA:182,3
DA:184,3
DA:184,3
DA:187,0
DA:187,0
DA:188,0
DA:188,0
FN:194,BribeInitiative.onClaimForInitiative
FNDA:3,BribeInitiative.onClaimForInitiative
FNF:11
FNH:11
LF:61
LH:52
BRF:34
BRH:15
end_of_record
TN:
SF:src/CurveV2GaugeRewards.sol
FN:14,CurveV2GaugeRewards.
FNDA:0,CurveV2GaugeRewards.
DA:17,0
DA:17,0
DA:18,0
DA:18,0
FN:21,CurveV2GaugeRewards.depositIntoGauge
FNDA:1,CurveV2GaugeRewards.depositIntoGauge
DA:22,1
DA:22,1
DA:22,1
DA:24,1
DA:24,1
DA:25,1
DA:25,1
DA:27,1
DA:27,1
DA:29,1
DA:29,1
FNF:2
FNH:1
LF:7
LH:5
BRF:0
BRH:0
end_of_record
TN:
SF:src/Governance.sol
FN:69,Governance.
FNDA:218,Governance.
DA:77,104
DA:77,104
DA:78,104
DA:78,104
DA:79,104
DA:79,104
DA:80,104
DA:80,104
BRDA:80,0,0,108
BRDA:80,0,1,216
DA:81,110
DA:81,110
DA:82,216
DA:82,216
DA:83,216
DA:83,216
DA:84,104
DA:84,104
DA:85,210
DA:85,210
DA:86,210
DA:86,210
DA:87,210
DA:87,210
DA:88,104
DA:88,104
DA:89,104
DA:89,104
BRDA:89,1,0,2
BRDA:89,1,1,104
DA:90,104
DA:90,104
DA:91,104
DA:91,104
BRDA:91,2,0,2
BRDA:91,2,1,104
DA:92,104
DA:92,104
DA:93,104
DA:93,104
DA:93,314
DA:93,212
DA:94,214
DA:94,214
DA:95,212
DA:95,212
FN:99,Governance._averageAge
FNDA:572,Governance._averageAge
DA:100,572
DA:100,572
DA:100,572
DA:100,472
BRDA:100,3,0,170
BRDA:100,3,1,402
DA:100,170
DA:101,402
DA:101,402
DA:101,402
FN:104,Governance._calculateAverageTimestamp
FNDA:159,Governance._calculateAverageTimestamp
DA:110,159
DA:110,159
DA:110,159
DA:111,159
DA:111,159
DA:111,159
DA:113,159
DA:113,159
DA:114,159
DA:114,159
BRDA:114,4,0,87
BRDA:114,4,1,-
DA:115,100
DA:115,100
DA:115,100
DA:116,100
DA:116,100
BRDA:116,5,0,13
BRDA:116,5,1,87
DA:117,13
DA:117,13
DA:119,87
DA:119,87
DA:119,87
DA:119,87
DA:119,87
DA:120,87
DA:120,87
DA:120,87
DA:120,87
DA:120,87
DA:121,87
DA:121,87
DA:121,87
DA:122,87
DA:122,87
DA:125,59
DA:125,59
DA:125,59
DA:126,59
DA:126,59
BRDA:126,6,0,11
BRDA:126,6,1,48
DA:127,11
DA:127,11
DA:129,48
DA:129,48
DA:129,48
DA:129,48
DA:129,48
DA:130,48
DA:130,48
DA:130,48
DA:130,48
DA:130,48
DA:131,48
DA:131,48
DA:131,48
DA:132,48
DA:132,48
DA:136,135
DA:136,135
BRDA:136,7,0,13
BRDA:136,7,1,122
DA:136,13
DA:137,122
DA:137,122
DA:137,122
FN:144,Governance._deposit
FNDA:18,Governance._deposit
DA:145,18
DA:145,18
BRDA:145,8,0,1
BRDA:145,8,1,17
DA:147,17
DA:147,17
DA:147,17
DA:149,17
DA:149,17
BRDA:149,9,0,8
BRDA:149,9,1,17
DA:150,8
DA:150,8
DA:153,17
DA:153,17
DA:153,17
DA:155,17
DA:155,17
DA:155,17
DA:158,17
DA:158,17
DA:159,17
DA:159,17
DA:162,17
DA:162,17
DA:164,17
DA:164,17
DA:166,17
DA:166,17
FN:170,Governance.depositLQTY
FNDA:14,Governance.depositLQTY
DA:171,14
DA:171,14
DA:171,14
DA:172,13
DA:172,13
FN:176,Governance.depositLQTYViaPermit
FNDA:4,Governance.depositLQTYViaPermit
DA:177,4
DA:177,4
DA:177,4
DA:178,4
DA:178,4
FN:182,Governance.withdrawLQTY
FNDA:6,Governance.withdrawLQTY
DA:183,6
DA:183,6
DA:183,6
DA:184,6
DA:184,6
BRDA:184,10,0,1
BRDA:184,10,1,5
DA:186,5
DA:186,5
DA:186,5
DA:188,5
DA:188,5
DA:191,5
DA:191,5
BRDA:191,11,0,2
BRDA:191,11,1,3
DA:193,3
DA:193,3
DA:193,3
DA:195,3
DA:195,3
FN:199,Governance.claimFromStakingV1
FNDA:2,Governance.claimFromStakingV1
DA:200,2
DA:200,2
DA:200,2
DA:201,2
DA:201,2
BRDA:201,12,0,1
BRDA:201,12,1,1
DA:202,1
DA:202,1
DA:202,1
FN:210,Governance.epoch
FNDA:146,Governance.epoch
DA:211,347
DA:211,347
BRDA:211,13,0,186
BRDA:211,13,1,161
DA:211,186
DA:212,161
DA:212,161
DA:212,161
FN:216,Governance.epochStart
FNDA:102,Governance.epochStart
DA:217,124
DA:217,124
DA:217,124
DA:218,124
DA:218,124
BRDA:218,14,0,93
BRDA:218,14,1,31
DA:218,93
DA:219,31
DA:219,31
DA:219,31
FN:223,Governance.secondsWithinEpoch
FNDA:106,Governance.secondsWithinEpoch
DA:224,115
DA:224,115
BRDA:224,15,0,93
BRDA:224,15,1,22
DA:224,93
DA:225,22
DA:225,22
DA:225,22
FN:229,Governance.lqtyToVotes
FNDA:101,Governance.lqtyToVotes
DA:234,154
DA:234,154
DA:234,154
DA:234,154
DA:234,154
FN:238,Governance.calculateVotingThreshold
FNDA:103,Governance.calculateVotingThreshold
DA:239,128
DA:239,128
DA:240,128
DA:240,128
BRDA:240,16,0,14
BRDA:240,16,1,114
DA:240,14
DA:242,114
DA:242,114
DA:243,114
DA:243,114
DA:243,114
DA:243,114
DA:244,114
DA:244,114
BRDA:244,17,0,89
BRDA:244,17,1,114
DA:245,89
DA:245,89
DA:247,114
DA:247,114
DA:247,114
FN:251,Governance._snapshotVotes
FNDA:29,Governance._snapshotVotes
DA:252,29
DA:252,29
DA:252,29
DA:253,29
DA:253,29
DA:254,29
DA:254,29
DA:255,29
DA:255,29
DA:255,29
BRDA:255,18,0,3
BRDA:255,18,1,7
DA:256,10
DA:256,10
DA:257,10
DA:257,10
DA:258,10
DA:258,10
DA:259,10
DA:259,10
DA:259,10
DA:260,10
DA:260,10
DA:261,10
DA:261,10
FN:267,Governance._snapshotVotesForInitiative
FNDA:25,Governance._snapshotVotesForInitiative
DA:271,25
DA:271,25
DA:271,25
DA:272,25
DA:272,25
DA:273,25
DA:273,25
DA:274,25
DA:274,25
DA:274,25
BRDA:274,19,0,11
BRDA:274,19,1,1
DA:275,12
DA:275,12
DA:275,12
DA:276,12
DA:276,12
DA:276,12
DA:277,12
DA:277,12
DA:278,12
DA:278,12
DA:279,12
DA:279,12
DA:280,12
DA:280,12
DA:282,12
DA:282,12
DA:282,12
DA:282,11
BRDA:282,20,0,11
BRDA:282,20,1,1
DA:283,11
DA:283,11
DA:284,11
DA:284,11
DA:286,1
DA:286,1
DA:288,12
DA:288,12
DA:289,12
DA:289,12
DA:290,12
DA:290,12
FN:295,Governance.snapshotVotesForInitiative
FNDA:1,Governance.snapshotVotesForInitiative
DA:299,1
DA:299,1
DA:300,1
DA:300,1
FN:304,Governance.registerInitiative
FNDA:7,Governance.registerInitiative
DA:305,7
DA:305,7
DA:307,6
DA:307,6
BRDA:307,21,0,1
BRDA:307,21,1,5
DA:308,5
DA:308,5
BRDA:308,22,0,1
BRDA:308,22,1,4
DA:310,4
DA:310,4
DA:310,4
DA:311,4
DA:311,4
DA:311,4
DA:313,4
DA:313,4
DA:317,4
DA:317,4
BRDA:317,23,0,1
BRDA:317,23,1,3
DA:323,3
DA:323,3
DA:324,3
DA:324,3
DA:326,3
DA:326,3
DA:328,3
DA:328,3
FN:332,Governance.unregisterInitiative
FNDA:4,Governance.unregisterInitiative
DA:333,4
DA:333,4
BRDA:333,24,0,1
BRDA:333,24,1,3
DA:335,3
DA:335,3
DA:335,3
DA:336,3
DA:336,3
DA:337,3
DA:337,3
DA:339,3
DA:339,3
DA:340,3
DA:340,3
DA:345,3
DA:345,3
BRDA:345,25,0,1
BRDA:345,25,1,2
DA:355,2
DA:355,2
BRDA:355,26,0,1
BRDA:355,26,1,2
DA:356,1
DA:356,1
DA:362,1
DA:362,1
DA:363,1
DA:363,1
DA:366,2
DA:366,2
DA:367,2
DA:367,2
DA:369,2
DA:369,2
DA:371,2
DA:371,2
FN:375,Governance.allocateLQTY
FNDA:12,Governance.allocateLQTY
DA:380,12
DA:380,12
DA:380,12
DA:382,12
DA:382,12
DA:382,12
DA:383,12
DA:383,12
DA:383,12
DA:385,12
DA:385,12
DA:387,12
DA:387,12
DA:387,24
DA:387,12
DA:388,14
DA:388,14
DA:389,14
DA:389,14
DA:390,14
DA:390,14
DA:393,14
DA:393,14
BRDA:393,27,0,1
BRDA:393,27,1,13
DA:400,13
DA:400,13
BRDA:400,28,0,1
BRDA:400,28,1,12
DA:402,12
DA:402,12
DA:402,12
DA:405,12
DA:405,12
DA:405,12
DA:414,12
DA:414,12
DA:420,12
DA:420,12
DA:428,12
DA:428,12
DA:429,12
DA:429,12
DA:432,12
DA:432,12
DA:433,12
DA:433,12
DA:434,12
DA:434,12
DA:437,12
DA:437,12
DA:440,12
DA:440,12
BRDA:440,29,0,7
BRDA:440,29,1,12
DA:441,7
DA:441,7
DA:447,7
DA:447,7
DA:449,12
DA:449,12
BRDA:449,30,0,10
BRDA:449,30,1,12
DA:450,10
DA:450,10
DA:456,10
DA:456,10
DA:460,12
DA:460,12
DA:461,12
DA:461,12
DA:462,12
DA:462,12
DA:463,12
DA:463,12
DA:464,12
DA:464,12
DA:466,12
DA:466,12
DA:468,12
DA:468,12
DA:470,12
DA:470,12
DA:474,10
DA:474,10
BRDA:474,31,0,-
BRDA:474,31,1,10
DA:480,10
DA:480,10
DA:481,10
DA:481,10
FN:485,Governance.claimForInitiative
FNDA:9,Governance.claimForInitiative
DA:486,9
DA:486,9
DA:486,9
DA:487,9
DA:487,9
DA:487,9
DA:490,9
DA:490,9
BRDA:490,32,0,6
BRDA:490,32,1,3
DA:490,6
DA:492,3
DA:492,3
DA:492,3
DA:492,3
DA:494,3
DA:494,3
DA:495,3
DA:495,3
DA:497,3
DA:497,3
DA:499,3
DA:499,3
DA:501,3
DA:501,3
DA:503,3
DA:503,3
FNF:20
FNH:20
LF:183
LH:183
BRF:66
BRH:64
end_of_record
TN:
SF:src/UniV4Donations.sol
FN:41,UniV4Donations.
FNDA:0,UniV4Donations.
DA:52,0
DA:52,0
DA:53,0
DA:53,0
DA:55,0
DA:55,0
DA:55,0
DA:55,0
BRDA:55,0,0,-
BRDA:55,0,1,-
DA:56,0
DA:56,0
DA:57,0
DA:57,0
DA:59,0
DA:59,0
DA:60,0
DA:60,0
DA:62,0
DA:62,0
DA:63,0
DA:63,0
FN:66,UniV4Donations.vestingEpoch
FNDA:0,UniV4Donations.vestingEpoch
DA:67,8
DA:67,8
DA:67,8
DA:67,8
FN:70,UniV4Donations.vestingEpochStart
FNDA:0,UniV4Donations.vestingEpochStart
DA:71,4
DA:71,4
DA:71,4
FN:74,UniV4Donations._restartVesting
FNDA:4,UniV4Donations._restartVesting
DA:75,4
DA:75,4
DA:75,4
DA:76,4
DA:76,4
DA:77,4
DA:77,4
BRDA:77,1,0,2
BRDA:77,1,1,4
DA:78,2
DA:78,2
DA:79,2
DA:79,2
DA:80,2
DA:80,2
DA:81,2
DA:81,2
DA:82,2
DA:82,2
DA:84,4
DA:84,4
FN:87,UniV4Donations._donateToPool
FNDA:4,UniV4Donations._donateToPool
DA:88,4
DA:88,4
DA:88,4
DA:89,4
DA:89,4
DA:90,4
DA:90,4
DA:92,4
DA:92,4
BRDA:92,2,0,-
BRDA:92,2,1,2
DA:93,2
DA:93,2
DA:93,2
DA:95,2
DA:95,2
DA:96,2
DA:96,2
DA:97,2
DA:97,2
DA:98,2
DA:98,2
DA:100,2
DA:100,2
DA:102,2
DA:102,2
DA:105,4
DA:105,4
FN:108,UniV4Donations.donateToPool
FNDA:3,UniV4Donations.donateToPool
DA:109,3
DA:109,3
DA:109,3
FN:112,UniV4Donations.poolKey
FNDA:3,UniV4Donations.poolKey
DA:113,14
DA:113,14
FN:122,UniV4Donations.getHookPermissions
FNDA:0,UniV4Donations.getHookPermissions
DA:123,0
DA:123,0
DA:123,0
FN:141,UniV4Donations.afterInitialize
FNDA:2,UniV4Donations.afterInitialize
DA:148,2
DA:148,2
BRDA:148,3,0,-
BRDA:148,3,1,2
DA:149,2
DA:149,2
FN:152,UniV4Donations.afterAddLiquidity
FNDA:1,UniV4Donations.afterAddLiquidity
DA:159,1
DA:159,1
BRDA:159,4,0,-
BRDA:159,4,1,1
DA:160,1
DA:160,1
DA:161,1
DA:161,1
FN:164,UniV4Donations._unlockCallback
FNDA:3,UniV4Donations._unlockCallback
DA:165,3
DA:165,3
DA:165,3
DA:166,3
DA:166,3
BRDA:166,5,0,-
BRDA:166,5,1,3
DA:167,3
DA:167,3
BRDA:167,6,0,-
BRDA:167,6,1,3
DA:168,3
DA:168,3
DA:168,3
FNF:11
FNH:7
LF:44
LH:34
BRF:14
BRH:7
end_of_record
TN:
SF:src/UserProxy.sol
FN:25,UserProxy.
FNDA:0,UserProxy.
DA:26,0
DA:26,0
DA:27,0
DA:27,0
DA:28,0
DA:28,0
DA:29,0
DA:29,0
FN:32,UserProxy.onlyStakingV2
FNDA:8,UserProxy.onlyStakingV2
DA:33,8
DA:33,8
BRDA:33,0,0,-
BRDA:33,0,1,21
FN:38,UserProxy.stake
FNDA:15,UserProxy.stake
DA:39,21
DA:39,21
DA:40,15
DA:40,15
DA:41,15
DA:41,15
DA:42,15
DA:42,15
FN:46,UserProxy.stakeViaPermit
FNDA:8,UserProxy.stakeViaPermit
DA:50,8
DA:50,8
BRDA:50,1,0,2
BRDA:50,1,1,6
DA:51,6
DA:51,6
DA:60,6
DA:60,6
FN:64,UserProxy.unstake
FNDA:6,UserProxy.unstake
DA:69,6
DA:69,6
DA:71,6
DA:71,6
DA:71,6
DA:72,6
DA:72,6
BRDA:72,2,0,4
BRDA:72,2,1,6
DA:72,4
DA:73,6
DA:73,6
DA:74,6
DA:74,6
BRDA:74,3,0,1
BRDA:74,3,1,6
DA:74,1
DA:75,6
DA:75,6
DA:76,6
DA:76,6
BRDA:76,4,0,-
BRDA:76,4,1,1
DA:77,1
DA:77,1
DA:77,1
DA:81,6
DA:81,6
FN:85,UserProxy.staked
FNDA:7,UserProxy.staked
DA:86,7
DA:86,7
DA:86,7
FNF:6
FNH:5
LF:22
LH:18
BRF:10
BRH:8
end_of_record
TN:
SF:src/UserProxyFactory.sol
FN:13,UserProxyFactory.
FNDA:114,UserProxyFactory.
DA:14,114
DA:14,114
FN:18,UserProxyFactory.deriveUserProxyAddress
FNDA:6,UserProxyFactory.deriveUserProxyAddress
DA:19,42
DA:19,42
DA:19,42
FN:23,UserProxyFactory.deployUserProxy
FNDA:14,UserProxyFactory.deployUserProxy
DA:25,22
DA:25,22
DA:25,22
DA:27,21
DA:27,21
DA:29,21
DA:29,21
FNF:3
FNH:3
LF:5
LH:5
BRF:0
BRH:0
end_of_record
TN:
SF:src/utils/BaseHook.sol
FN:15,ImmutableState.
FNDA:0,ImmutableState.
DA:16,0
DA:16,0
FN:23,SafeCallback.onlyByManager
FNDA:1,SafeCallback.onlyByManager
DA:24,1
DA:24,1
DA:24,1
BRDA:24,0,0,-
BRDA:24,0,1,2
DA:24,0
FN:29,SafeCallback.unlockCallback
FNDA:3,SafeCallback.unlockCallback
DA:30,3
DA:30,3
DA:30,3
FN:42,BaseHook.
FNDA:0,BaseHook.
DA:43,0
DA:43,0
FN:47,BaseHook.selfOnly
FNDA:0,BaseHook.selfOnly
DA:48,0
DA:48,0
DA:48,0
BRDA:48,0,0,-
BRDA:48,0,1,-
DA:48,0
FN:53,BaseHook.onlyValidPools
FNDA:0,BaseHook.onlyValidPools
DA:54,0
DA:54,0
BRDA:54,1,0,-
BRDA:54,1,1,-
DA:54,0
FN:63,BaseHook.validateHookAddress
FNDA:0,BaseHook.validateHookAddress
DA:64,0
DA:64,0
FN:67,BaseHook._unlockCallback
FNDA:0,BaseHook._unlockCallback
DA:68,0
DA:68,0
DA:68,0
DA:69,0
BRDA:69,2,0,-
BRDA:69,2,1,-
DA:69,0
DA:70,0
DA:70,0
BRDA:70,3,0,-
BRDA:70,3,1,-
DA:70,0
FN:78,BaseHook.beforeInitialize
FNDA:0,BaseHook.beforeInitialize
DA:79,0
DA:79,0
FN:82,BaseHook.afterInitialize
FNDA:0,BaseHook.afterInitialize
DA:87,0
DA:87,0
FN:90,BaseHook.beforeAddLiquidity
FNDA:0,BaseHook.beforeAddLiquidity
DA:95,0
DA:95,0
FN:98,BaseHook.beforeRemoveLiquidity
FNDA:0,BaseHook.beforeRemoveLiquidity
DA:104,0
DA:104,0
FN:107,BaseHook.afterAddLiquidity
FNDA:0,BaseHook.afterAddLiquidity
DA:114,0
DA:114,0
FN:117,BaseHook.afterRemoveLiquidity
FNDA:0,BaseHook.afterRemoveLiquidity
DA:124,0
DA:124,0
FN:127,BaseHook.beforeSwap
FNDA:0,BaseHook.beforeSwap
DA:132,0
DA:132,0
FN:135,BaseHook.afterSwap
FNDA:0,BaseHook.afterSwap
DA:140,0
DA:140,0
FN:143,BaseHook.beforeDonate
FNDA:0,BaseHook.beforeDonate
DA:148,0
DA:148,0
FN:151,BaseHook.afterDonate
FNDA:0,BaseHook.afterDonate
DA:156,0
DA:156,0
FNF:18
FNH:2
LF:20
LH:2
BRF:10
BRH:1
end_of_record
TN:
SF:src/utils/DoubleLinkedList.sol
FN:25,DoubleLinkedList.getHead
FNDA:19,DoubleLinkedList.getHead
DA:26,19
DA:26,19
FN:32,DoubleLinkedList.getTail
FNDA:37,DoubleLinkedList.getTail
DA:33,37
DA:33,37
FN:40,DoubleLinkedList.getNext
FNDA:35,DoubleLinkedList.getNext
DA:41,35
DA:41,35
FN:48,DoubleLinkedList.getPrev
FNDA:53,DoubleLinkedList.getPrev
DA:49,53
DA:49,53
FN:56,DoubleLinkedList.getValue
FNDA:4,DoubleLinkedList.getValue
DA:57,4
DA:57,4
FN:64,DoubleLinkedList.getItem
FNDA:5,DoubleLinkedList.getItem
DA:65,5
DA:65,5
FN:72,DoubleLinkedList.contains
FNDA:46,DoubleLinkedList.contains
DA:73,46
DA:73,46
BRDA:73,0,0,2
BRDA:73,0,1,44
DA:73,2
DA:74,44
DA:74,44
FN:81,DoubleLinkedList.remove
FNDA:7,DoubleLinkedList.remove
DA:82,7
DA:82,7
DA:83,7
DA:83,7
BRDA:83,1,0,1
BRDA:83,1,1,5
DA:83,1
DA:84,5
DA:84,5
DA:85,5
DA:85,5
DA:86,5
DA:86,5
FN:97,DoubleLinkedList.insert
FNDA:32,DoubleLinkedList.insert
DA:98,32
DA:98,32
BRDA:98,2,0,1
BRDA:98,2,1,30
DA:98,1
DA:99,30
DA:99,30
DA:99,30
DA:99,7
BRDA:99,3,0,1
BRDA:99,3,1,29
DA:99,1
DA:100,29
DA:100,29
DA:101,29
DA:101,29
DA:102,29
DA:102,29
DA:102,29
DA:102,23
BRDA:102,4,0,14
BRDA:102,4,1,29
DA:102,14
DA:103,29
DA:103,29
DA:104,29
DA:104,29
DA:105,29
DA:105,29
DA:106,29
DA:106,29
FNF:9
FNH:9
LF:22
LH:22
BRF:10
BRH:10
end_of_record
TN:
SF:src/utils/Multicall.sol
FN:11,Multicall.multicall
FNDA:1,Multicall.multicall
DA:12,1
DA:12,1
DA:13,1
DA:13,1
DA:13,8
DA:13,7
DA:14,7
DA:14,7
DA:14,7
DA:16,7
DA:16,7
BRDA:16,0,0,-
BRDA:16,0,1,-
DA:18,0
DA:18,0
BRDA:18,1,0,-
BRDA:18,1,1,-
DA:18,0
DA:20,0
DA:20,0
DA:22,0
DA:22,0
DA:25,7
DA:25,7
FNF:1
FNH:1
LF:8
LH:5
BRF:4
BRH:0
end_of_record
TN:
SF:test/DoubleLinkedList.t.sol
FN:13,DoubleLinkedListWrapper.getHead
FNDA:19,DoubleLinkedListWrapper.getHead
DA:14,19
DA:14,19
DA:14,19
FN:17,DoubleLinkedListWrapper.getTail
FNDA:16,DoubleLinkedListWrapper.getTail
DA:18,16
DA:18,16
DA:18,16
FN:21,DoubleLinkedListWrapper.getNext
FNDA:35,DoubleLinkedListWrapper.getNext
DA:22,35
DA:22,35
DA:22,35
FN:25,DoubleLinkedListWrapper.getPrev
FNDA:35,DoubleLinkedListWrapper.getPrev
DA:26,35
DA:26,35
DA:26,35
FN:29,DoubleLinkedListWrapper.insert
FNDA:14,DoubleLinkedListWrapper.insert
DA:30,14
DA:30,14
FN:33,DoubleLinkedListWrapper.remove
FNDA:7,DoubleLinkedListWrapper.remove
DA:34,7
DA:34,7
FNF:6
FNH:6
LF:6
LH:6
BRF:0
BRH:0
end_of_record
TN:
SF:test/Governance.t.sol
FN:20,GovernanceInternal.
FNDA:0,GovernanceInternal.
FN:29,GovernanceInternal.averageAge
FNDA:100,GovernanceInternal.averageAge
DA:30,100
DA:30,100
DA:30,100
FN:33,GovernanceInternal.calculateAverageTimestamp
FNDA:100,GovernanceInternal.calculateAverageTimestamp
DA:39,100
DA:39,100
DA:39,100
FNF:3
FNH:2
LF:2
LH:2
BRF:0
BRH:0
end_of_record
TN:
SF:test/UniV4Donations.t.sol
FN:18,UniV4DonationsImpl.
FNDA:0,UniV4DonationsImpl.
DA:42,0
DA:42,0
FN:46,UniV4DonationsImpl.validateHookAddress
FNDA:0,UniV4DonationsImpl.validateHookAddress
FNF:2
FNH:0
LF:1
LH:0
BRF:0
BRH:0
end_of_record
TN:
SF:test/mocks/MockGovernance.sol
FN:5,MockGovernance.claimForInitiative
FNDA:1,MockGovernance.claimForInitiative
DA:6,1
DA:6,1
FNF:1
FNH:1
LF:1
LH:1
BRF:0
BRH:0
end_of_record
TN:
SF:test/mocks/MockStakingV1.sol
FN:11,MockStakingV1.
FNDA:0,MockStakingV1.
DA:12,0
DA:12,0
FN:15,MockStakingV1.stake
FNDA:1,MockStakingV1.stake
DA:16,1
DA:16,1
DA:17,1
DA:17,1
FN:20,MockStakingV1.unstake
FNDA:0,MockStakingV1.unstake
DA:21,0
DA:21,0
DA:22,0
DA:22,0
FNF:3
FNH:1
LF:5
LH:2
BRF:0
BRH:0
end_of_record
